{"logTime": "0924/151053", "correlationVector":"6fjzRLbZH7n97fSTwf9KRA.1","action":"SyncServerConnectionManagerRequest", "result":"SYNC_SERVER_OK", "context":{"environment":"Prod_japaneast_prod-s01-061-apac-japaneast", "migrationStage":"NotStarted", "server":"akswtt10300001a"}}
{"logTime": "0924/151053", "correlationVector":"6fjzRLbZH7n97fSTwf9KRA.2","action":"ProcessGetUpdates", "result":"Done", "context":{"dataType":"Encryption Keys", "deleted":"0", "process_failed_to_decrypt":"0", "process_pending_decryption":"0", "process_success":"1", "total":"1"}}
{"logTime": "0924/151053", "correlationVector":"iaYkQrUBmzJBTTEmSA5ama","action":"SyncServerConnectionManagerRequest", "result":"SYNC_SERVER_OK", "context":{"environment":"", "migrationStage":"", "server":""}}
{"logTime": "0924/151053", "correlationVector":"iaYkQrUBmzJBTTEmSA5ama.0","action":"EncryptionKeysFetcher.DownloadKeys:", "result":"Success", "context":Key count: 10, Last key timestamp: 2025-09-22T11:12:43Z}
{"logTime": "0924/151053", "correlationVector":"iaYkQrUBmzJBTTEmSA5ama.1","action":"EncryptionKeysManager::SetEncryptionKeys:", "result":"Success", "context":Key names[10]:[HvrETFUrUGrrw9rFjklcBciG7HGonPrn0gUCDeCx+xr2Ra6JR96otK2F45hhv2QMiNOOy2nCDygJjAwt3ZT23g==][D6pmmyotWvngsU8nXt5fGnmrpvLsCJLsnq9P0SzhCTndd6iDOR+oR8XIexbbJ9Ds6VoyQkLEhQvtul7fgahC6Q==][kI/gw4sHgXGH7wrCL1ii+nShO2N/ZXqASZa2QnS2k/gy6llPQZXD7CBdRp36/0b14dRI89Mqn3OwjYVumF3l8A==][jpHLX7IP/mrZqMleVvQ8GARLsf7VW/b5laVAlR9m0dZOoIIBmIWETw+7ZvaJTom2WnvtpMXc4I4QGgIajVsfNg==][ZX7u4B4tQpzVecedSTqRULk0+lK3Q+zxyB6bn+7y0w07z3TVxDp3gp38EhbH7o4wFyLPNRz7qEaQJQVa14d5WA==][jVZtVSYKQ2KxmiMOy8NzUVW42zAHBunWkpMdVOu3xDCcWI5eVk8c6baxpYkyxGeT64Z3N3p6zWy5r6SvTggD5g==][bb4ti+b8fJMQFoYobD32FIpcnrDk/3Vxi311hC/sqhv6jpyfbvlVqH4sROvmUWfrP8U9+TUvbek1ub5jx/4mVw==][flNeusPYG0PJkCoh5XW8BgeX3NtPVL2MzcNfyReDHXqDwXYnGBb2t4uyc6fwl2L55ubYfk9maBbxXy7SE38UPA==][gLkPul5ECwnrTlcie1O8BwTSMNXXKD8Sm8Qtencvl7eYrOuKibQhqj48SE5YXmbwulDX0xhtqN6olnz+Aq85Ug==][WL2a2WcNtFXf565K8/kbPuIavSQSGmpmYefX0cgAgaWzvbyRrzKDbqpKZ7Ph5YoYNmDySVqDQLiaWzTKL8UkXw==]}
{"logTime": "0924/151053", "correlationVector":"iaYkQrUBmzJBTTEmSA5ama.2","action":"EncryptionKeysManager::SetEncryptionKeysWithTimestamps:", "result":"Success", "context":Key timestamps[10]:[2020-12-21T05:08:12Z][2021-06-21T14:21:13Z][2021-12-20T12:54:15Z][2022-09-08T03:41:28Z][2023-03-28T13:18:46Z][2023-09-28T12:55:12Z][2024-03-27T13:33:28Z][2024-09-24T15:39:06Z][2025-03-24T13:49:01Z][2025-09-22T11:12:43Z]}
{"logTime": "0924/151053", "correlationVector":"6fjzRLbZH7n97fSTwf9KRA","action":"Initial GetUpdates", "result":"", "context":Reason: NEW_CLIENT. cV=6fjzRLbZH7n97fSTwf9KRA}
{"logTime": "0924/151053", "correlationVector":"6fjzRLbZH7n97fSTwf9KRA.3","action":"GetUpdates Response", "result":"Success", "context":Received 1 update(s). cV=6fjzRLbZH7n97fSTwf9KRA.0;server=akswtt10300001a;cloudType=Consumer;environment=Prod_japaneast_prod-s01-061-apac-japaneast;migrationStage=NotStarted}
{"logTime": "0924/151053", "correlationVector":"cdpJOCYZeRsDDB9uyaXMIS","action":"Initial GetUpdates", "result":"", "context":Reason: NEWLY_SUPPORTED_DATATYPE. cV=cdpJOCYZeRsDDB9uyaXMIS}
{"logTime": "0924/151054", "correlationVector":"cdpJOCYZeRsDDB9uyaXMIS.1","action":"SyncServerConnectionManagerRequest", "result":"SYNC_SERVER_OK", "context":{"environment":"Prod_japaneast_prod-s01-061-apac-japaneast", "migrationStage":"NotStarted", "server":"akswtt103000010"}}
{"logTime": "0924/151054", "correlationVector":"cdpJOCYZeRsDDB9uyaXMIS.2","action":"ProcessGetUpdates", "result":"Done", "context":{"dataType":"Preferences", "deleted":"0", "process_failed_to_decrypt":"0", "process_pending_decryption":"0", "process_success":"77", "total":"77"}}
{"logTime": "0924/151054", "correlationVector":"cdpJOCYZeRsDDB9uyaXMIS.3","action":"ProcessGetUpdates", "result":"Done", "context":{"dataType":"Passwords", "deleted":"2", "process_failed_to_decrypt":"0", "process_pending_decryption":"0", "process_success":"129", "total":"129"}}
{"logTime": "0924/151054", "correlationVector":"cdpJOCYZeRsDDB9uyaXMIS.4","action":"ProcessGetUpdates", "result":"Done", "context":{"dataType":"Device Info", "deleted":"0", "process_failed_to_decrypt":"0", "process_pending_decryption":"0", "process_success":"44", "total":"44"}}
{"logTime": "0924/151054", "correlationVector":"cdpJOCYZeRsDDB9uyaXMIS.5","action":"GetUpdates Response", "result":"Success", "context":Received 250 update(s). cV=cdpJOCYZeRsDDB9uyaXMIS.0;server=akswtt103000010;cloudType=Consumer;environment=Prod_japaneast_prod-s01-061-apac-japaneast;migrationStage=NotStarted Some updates remain.}
{"logTime": "0924/151054", "correlationVector":"8jkkJ6NVO1PRQVaCM2P3UH","action":"Initial GetUpdates", "result":"", "context":Reason: NEWLY_SUPPORTED_DATATYPE. cV=8jkkJ6NVO1PRQVaCM2P3UH}
{"logTime": "0924/151054", "correlationVector":"8jkkJ6NVO1PRQVaCM2P3UH.1","action":"SyncServerConnectionManagerRequest", "result":"SYNC_SERVER_OK", "context":{"environment":"Prod_japaneast_prod-s01-061-apac-japaneast", "migrationStage":"NotStarted", "server":"akswtt10300000n"}}
{"logTime": "0924/151054", "correlationVector":"8jkkJ6NVO1PRQVaCM2P3UH.2","action":"ProcessGetUpdates", "result":"Done", "context":{"dataType":"Passwords", "deleted":"0", "process_failed_to_decrypt":"0", "process_pending_decryption":"0", "process_success":"102", "total":"102"}}
{"logTime": "0924/151054", "correlationVector":"8jkkJ6NVO1PRQVaCM2P3UH.3","action":"GetUpdates Response", "result":"Success", "context":Received 102 update(s). cV=8jkkJ6NVO1PRQVaCM2P3UH.0;server=akswtt10300000n;cloudType=Consumer;environment=Prod_japaneast_prod-s01-061-apac-japaneast;migrationStage=NotStarted}
{"logTime": "0924/151054", "correlationVector":"2tBglelE/T/L//hiKEBkCQ","action":"Initial GetUpdates", "result":"", "context":Reason: NEWLY_SUPPORTED_DATATYPE. cV=2tBglelE/T/L//hiKEBkCQ}
{"logTime": "0924/151054", "correlationVector":"2tBglelE/T/L//hiKEBkCQ.1","action":"SyncServerConnectionManagerRequest", "result":"SYNC_SERVER_OK", "context":{"environment":"Prod_japaneast_prod-s01-061-apac-japaneast", "migrationStage":"NotStarted", "server":"akswtt10300001m"}}
{"logTime": "0924/151054", "correlationVector":"2tBglelE/T/L//hiKEBkCQ.2","action":"ProcessGetUpdates", "result":"Done", "context":{"dataType":"Bookmarks", "deleted":"0", "process_failed_to_decrypt":"0", "process_pending_decryption":"0", "process_success":"109", "total":"109"}}
{"logTime": "0924/151054", "correlationVector":"2tBglelE/T/L//hiKEBkCQ.3","action":"GetUpdates Response", "result":"Success", "context":Received 109 update(s). cV=2tBglelE/T/L//hiKEBkCQ.0;server=akswtt10300001m;cloudType=Consumer;environment=Prod_japaneast_prod-s01-061-apac-japaneast;migrationStage=NotStarted}
{"logTime": "0924/151054", "correlationVector":"U/8+h62zBgEx3vbLYhzQbQ","action":"Initial GetUpdates", "result":"", "context":Reason: NEWLY_SUPPORTED_DATATYPE. cV=U/8+h62zBgEx3vbLYhzQbQ}
{"logTime": "0924/151055", "correlationVector":"U/8+h62zBgEx3vbLYhzQbQ.1","action":"SyncServerConnectionManagerRequest", "result":"SYNC_SERVER_OK", "context":{"environment":"Prod_japaneast_prod-s01-061-apac-japaneast", "migrationStage":"NotStarted", "server":"akswtt10300000d"}}
{"logTime": "0924/151055", "correlationVector":"U/8+h62zBgEx3vbLYhzQbQ.2","action":"ProcessGetUpdates", "result":"Done", "context":{"dataType":"Autofill Profiles", "deleted":"0", "process_failed_to_decrypt":"0", "process_pending_decryption":"0", "process_success":"1", "total":"1"}}
{"logTime": "0924/151055", "correlationVector":"U/8+h62zBgEx3vbLYhzQbQ.3","action":"ProcessGetUpdates", "result":"Done", "context":{"dataType":"Autofill", "deleted":"0", "process_failed_to_decrypt":"0", "process_pending_decryption":"0", "process_success":"2", "total":"2"}}
{"logTime": "0924/151055", "correlationVector":"U/8+h62zBgEx3vbLYhzQbQ.4","action":"ProcessGetUpdates", "result":"Done", "context":{"dataType":"Sessions", "deleted":"229", "process_failed_to_decrypt":"0", "process_pending_decryption":"0", "process_success":"229", "total":"229"}}
{"logTime": "0924/151055", "correlationVector":"U/8+h62zBgEx3vbLYhzQbQ.5","action":"ProcessGetUpdates", "result":"Done", "context":{"dataType":"Saved Tab Group", "deleted":"9", "process_failed_to_decrypt":"0", "process_pending_decryption":"0", "process_success":"14", "total":"14"}}
{"logTime": "0924/151055", "correlationVector":"U/8+h62zBgEx3vbLYhzQbQ.6","action":"ProcessGetUpdates", "result":"Done", "context":{"dataType":"Edge Hub App Usage", "deleted":"0", "process_failed_to_decrypt":"0", "process_pending_decryption":"0", "process_success":"4", "total":"4"}}
{"logTime": "0924/151055", "correlationVector":"U/8+h62zBgEx3vbLYhzQbQ.7","action":"GetUpdates Response", "result":"Success", "context":Received 250 update(s). cV=U/8+h62zBgEx3vbLYhzQbQ.0;server=akswtt10300000d;cloudType=Consumer;environment=Prod_japaneast_prod-s01-061-apac-japaneast;migrationStage=NotStarted Some updates remain.}
{"logTime": "0924/151055", "correlationVector":"az+tbEXxL22wqTu2/+gnyX","action":"Initial GetUpdates", "result":"", "context":Reason: NEWLY_SUPPORTED_DATATYPE. cV=az+tbEXxL22wqTu2/+gnyX}
{"logTime": "0924/151055", "correlationVector":"az+tbEXxL22wqTu2/+gnyX.1","action":"SyncServerConnectionManagerRequest", "result":"SYNC_SERVER_OK", "context":{"environment":"Prod_japaneast_prod-s01-061-apac-japaneast", "migrationStage":"NotStarted", "server":"akswtt103000002"}}
{"logTime": "0924/151055", "correlationVector":"az+tbEXxL22wqTu2/+gnyX.2","action":"ProcessGetUpdates", "result":"Done", "context":{"dataType":"Autofill Profiles", "deleted":"0", "process_failed_to_decrypt":"0", "process_pending_decryption":"0", "process_success":"4", "total":"4"}}
{"logTime": "0924/151055", "correlationVector":"az+tbEXxL22wqTu2/+gnyX.3","action":"ProcessGetUpdates", "result":"Done", "context":{"dataType":"Autofill", "deleted":"0", "process_failed_to_decrypt":"0", "process_pending_decryption":"0", "process_success":"36", "total":"36"}}
{"logTime": "0924/151055", "correlationVector":"az+tbEXxL22wqTu2/+gnyX.4","action":"ProcessGetUpdates", "result":"Done", "context":{"dataType":"Sessions", "deleted":"9", "process_failed_to_decrypt":"0", "process_pending_decryption":"0", "process_success":"102", "total":"102"}}
{"logTime": "0924/151055", "correlationVector":"az+tbEXxL22wqTu2/+gnyX.5","action":"ProcessGetUpdates", "result":"Done", "context":{"dataType":"Edge Hub App Usage", "deleted":"0", "process_failed_to_decrypt":"0", "process_pending_decryption":"0", "process_success":"35", "total":"35"}}
{"logTime": "0924/151055", "correlationVector":"az+tbEXxL22wqTu2/+gnyX.6","action":"GetUpdates Response", "result":"Success", "context":Received 177 update(s). cV=az+tbEXxL22wqTu2/+gnyX.0;server=akswtt103000002;cloudType=Consumer;environment=Prod_japaneast_prod-s01-061-apac-japaneast;migrationStage=NotStarted}
{"logTime": "0924/151055", "correlationVector":"1pAFlDYc0G+/Crrs4nWSad","action":"Initial GetUpdates", "result":"", "context":Reason: NEWLY_SUPPORTED_DATATYPE. cV=1pAFlDYc0G+/Crrs4nWSad}
{"logTime": "0924/151056", "correlationVector":"1pAFlDYc0G+/Crrs4nWSad.1","action":"SyncServerConnectionManagerRequest", "result":"SYNC_SERVER_OK", "context":{"environment":"Prod_japaneast_prod-s01-061-apac-japaneast", "migrationStage":"NotStarted", "server":"akswtt10300000d"}}
{"logTime": "0924/151056", "correlationVector":"1pAFlDYc0G+/Crrs4nWSad.2","action":"ProcessGetUpdates", "result":"Done", "context":{"dataType":"History", "deleted":"0", "process_failed_to_decrypt":"0", "process_pending_decryption":"0", "process_success":"250", "total":"250"}}
{"logTime": "0924/151056", "correlationVector":"1pAFlDYc0G+/Crrs4nWSad.3","action":"GetUpdates Response", "result":"Success", "context":Received 250 update(s). cV=1pAFlDYc0G+/Crrs4nWSad.0;server=akswtt10300000d;cloudType=Consumer;environment=Prod_japaneast_prod-s01-061-apac-japaneast;migrationStage=NotStarted Some updates remain.}
{"logTime": "0924/151056", "correlationVector":"T8EqdYxa7sb6YikbybiuFD","action":"Initial GetUpdates", "result":"", "context":Reason: NEWLY_SUPPORTED_DATATYPE. cV=T8EqdYxa7sb6YikbybiuFD}
{"logTime": "0924/151056", "correlationVector":"T8EqdYxa7sb6YikbybiuFD.1","action":"SyncServerConnectionManagerRequest", "result":"SYNC_SERVER_OK", "context":{"environment":"Prod_japaneast_prod-s01-061-apac-japaneast", "migrationStage":"NotStarted", "server":"akswtt103000005"}}
{"logTime": "0924/151056", "correlationVector":"T8EqdYxa7sb6YikbybiuFD.2","action":"ProcessGetUpdates", "result":"Done", "context":{"dataType":"History", "deleted":"0", "process_failed_to_decrypt":"0", "process_pending_decryption":"0", "process_success":"250", "total":"250"}}
{"logTime": "0924/151056", "correlationVector":"T8EqdYxa7sb6YikbybiuFD.3","action":"GetUpdates Response", "result":"Success", "context":Received 250 update(s). cV=T8EqdYxa7sb6YikbybiuFD.0;server=akswtt103000005;cloudType=Consumer;environment=Prod_japaneast_prod-s01-061-apac-japaneast;migrationStage=NotStarted Some updates remain.}
{"logTime": "0924/151056", "correlationVector":"HkUTZNDIi/kUei3e+tNi8G","action":"Initial GetUpdates", "result":"", "context":Reason: NEWLY_SUPPORTED_DATATYPE. cV=HkUTZNDIi/kUei3e+tNi8G}
{"logTime": "0924/151057", "correlationVector":"HkUTZNDIi/kUei3e+tNi8G.1","action":"SyncServerConnectionManagerRequest", "result":"SYNC_SERVER_OK", "context":{"environment":"Prod_japaneast_prod-s01-061-apac-japaneast", "migrationStage":"NotStarted", "server":"akswtt10300000z"}}
{"logTime": "0924/151057", "correlationVector":"HkUTZNDIi/kUei3e+tNi8G.2","action":"ProcessGetUpdates", "result":"Done", "context":{"dataType":"History", "deleted":"0", "process_failed_to_decrypt":"0", "process_pending_decryption":"0", "process_success":"250", "total":"250"}}
{"logTime": "0924/151057", "correlationVector":"HkUTZNDIi/kUei3e+tNi8G.3","action":"GetUpdates Response", "result":"Success", "context":Received 250 update(s). cV=HkUTZNDIi/kUei3e+tNi8G.0;server=akswtt10300000z;cloudType=Consumer;environment=Prod_japaneast_prod-s01-061-apac-japaneast;migrationStage=NotStarted Some updates remain.}
{"logTime": "0924/151057", "correlationVector":"Tix8u3OJkjPvFgF5K3kLNz","action":"Initial GetUpdates", "result":"", "context":Reason: NEWLY_SUPPORTED_DATATYPE. cV=Tix8u3OJkjPvFgF5K3kLNz}
{"logTime": "0924/151058", "correlationVector":"Tix8u3OJkjPvFgF5K3kLNz","action":"SyncServerConnectionManagerRequest", "result":"CONNECTION_UNAVAILABLE", "context":{"error_type":"net_error_code", "error_value":"-3"}}
